# JRE version: Java(TM) SE Runtime Environment (8.0_202-b08) (build 1.8.0_202-b08)
# Java VM: Java HotSpot(TM) 64-Bit Server VM (25.202-b08 mixed mode windows-amd64 compressed oops)
Heap:
 PSYoungGen      total 134656K, used 19368K [0x00000000e1100000, 0x00000000eaf00000, 0x0000000100000000)
  eden space 112640K, 0% used [0x00000000e1100000,0x00000000e1100000,0x00000000e7f00000)
  from space 22016K, 87% used [0x00000000e9780000,0x00000000eaa6a198,0x00000000ead00000)
  to   space 24576K, 0% used [0x00000000e7f00000,0x00000000e7f00000,0x00000000e9700000)
 ParOldGen       total 42496K, used 33686K [0x00000000a3200000, 0x00000000a5b80000, 0x00000000e1100000)
  object space 42496K, 79% used [0x00000000a3200000,0x00000000a52e5970,0x00000000a5b80000)
 Metaspace       used 33468K, capacity 35352K, committed 35496K, reserved 1081344K
  class space    used 4191K, capacity 4560K, committed 4608K, reserved 1048576K
GC Heap History (10 events):
Event: 4.601 GC heap after
Heap after GC invocations=7 (full 1):
 PSYoungGen      total 57856K, used 0K [0x00000000e1100000, 0x00000000e5200000, 0x0000000100000000)
  eden space 49152K, 0% used [0x00000000e1100000,0x00000000e1100000,0x00000000e4100000)
  from space 8704K, 0% used [0x00000000e4980000,0x00000000e4980000,0x00000000e5200000)
  to   space 8704K, 0% used [0x00000000e4100000,0x00000000e4100000,0x00000000e4980000)
 ParOldGen       total 42496K, used 7591K [0x00000000a3200000, 0x00000000a5b80000, 0x00000000e1100000)
  object space 42496K, 17% used [0x00000000a3200000,0x00000000a3969c80,0x00000000a5b80000)
 Metaspace       used 20084K, capacity 21152K, committed 21296K, reserved 1067008K
  class space    used 2606K, capacity 2868K, committed 2944K, reserved 1048576K
}
Event: 10.562 GC heap before
{Heap before GC invocations=8 (full 1):
 PSYoungGen      total 57856K, used 49152K [0x00000000e1100000, 0x00000000e5200000, 0x0000000100000000)
  eden space 49152K, 100% used [0x00000000e1100000,0x00000000e4100000,0x00000000e4100000)
  from space 8704K, 0% used [0x00000000e4980000,0x00000000e4980000,0x00000000e5200000)
  to   space 8704K, 0% used [0x00000000e4100000,0x00000000e4100000,0x00000000e4980000)
 ParOldGen       total 42496K, used 7591K [0x00000000a3200000, 0x00000000a5b80000, 0x00000000e1100000)
  object space 42496K, 17% used [0x00000000a3200000,0x00000000a3969c80,0x00000000a5b80000)
 Metaspace       used 25241K, capacity 26914K, committed 27136K, reserved 1073152K
  class space    used 3435K, capacity 3789K, committed 3840K, reserved 1048576K
Event: 10.572 GC heap after
Heap after GC invocations=8 (full 1):
 PSYoungGen      total 57856K, used 8684K [0x00000000e1100000, 0x00000000e7a00000, 0x0000000100000000)
  eden space 49152K, 0% used [0x00000000e1100000,0x00000000e1100000,0x00000000e4100000)
  from space 8704K, 99% used [0x00000000e4100000,0x00000000e497b2c8,0x00000000e4980000)
  to   space 10240K, 0% used [0x00000000e7000000,0x00000000e7000000,0x00000000e7a00000)
 ParOldGen       total 42496K, used 8089K [0x00000000a3200000, 0x00000000a5b80000, 0x00000000e1100000)
  object space 42496K, 19% used [0x00000000a3200000,0x00000000a39e64a0,0x00000000a5b80000)
 Metaspace       used 25241K, capacity 26914K, committed 27136K, reserved 1073152K
  class space    used 3435K, capacity 3789K, committed 3840K, reserved 1048576K
}
Event: 42.620 GC heap before
{Heap before GC invocations=9 (full 1):
 PSYoungGen      total 57856K, used 57836K [0x00000000e1100000, 0x00000000e7a00000, 0x0000000100000000)
  eden space 49152K, 100% used [0x00000000e1100000,0x00000000e4100000,0x00000000e4100000)
  from space 8704K, 99% used [0x00000000e4100000,0x00000000e497b2c8,0x00000000e4980000)
  to   space 10240K, 0% used [0x00000000e7000000,0x00000000e7000000,0x00000000e7a00000)
 ParOldGen       total 42496K, used 8089K [0x00000000a3200000, 0x00000000a5b80000, 0x00000000e1100000)
  object space 42496K, 19% used [0x00000000a3200000,0x00000000a39e64a0,0x00000000a5b80000)
 Metaspace       used 27443K, capacity 29240K, committed 29440K, reserved 1075200K
  class space    used 3655K, capacity 4054K, committed 4096K, reserved 1048576K
Event: 42.643 GC heap after
Heap after GC invocations=9 (full 1):
 PSYoungGen      total 93184K, used 10208K [0x00000000e1100000, 0x00000000e7f80000, 0x0000000100000000)
  eden space 82944K, 0% used [0x00000000e1100000,0x00000000e1100000,0x00000000e6200000)
  from space 10240K, 99% used [0x00000000e7000000,0x00000000e79f8060,0x00000000e7a00000)
  to   space 14336K, 0% used [0x00000000e6200000,0x00000000e6200000,0x00000000e7000000)
 ParOldGen       total 42496K, used 14395K [0x00000000a3200000, 0x00000000a5b80000, 0x00000000e1100000)
  object space 42496K, 33% used [0x00000000a3200000,0x00000000a400ef38,0x00000000a5b80000)
 Metaspace       used 27443K, capacity 29240K, committed 29440K, reserved 1075200K
  class space    used 3655K, capacity 4054K, committed 4096K, reserved 1048576K
}
Event: 94.429 GC heap before
{Heap before GC invocations=10 (full 1):
 PSYoungGen      total 93184K, used 93152K [0x00000000e1100000, 0x00000000e7f80000, 0x0000000100000000)
  eden space 82944K, 100% used [0x00000000e1100000,0x00000000e6200000,0x00000000e6200000)
  from space 10240K, 99% used [0x00000000e7000000,0x00000000e79f8060,0x00000000e7a00000)
  to   space 14336K, 0% used [0x00000000e6200000,0x00000000e6200000,0x00000000e7000000)
 ParOldGen       total 42496K, used 14395K [0x00000000a3200000, 0x00000000a5b80000, 0x00000000e1100000)
  object space 42496K, 33% used [0x00000000a3200000,0x00000000a400ef38,0x00000000a5b80000)
 Metaspace       used 28460K, capacity 30304K, committed 30464K, reserved 1075200K
  class space    used 3668K, capacity 4060K, committed 4096K, reserved 1048576K
Event: 94.453 GC heap after
Heap after GC invocations=10 (full 1):
 PSYoungGen      total 97280K, used 14304K [0x00000000e1100000, 0x00000000ead00000, 0x0000000100000000)
  eden space 82944K, 0% used [0x00000000e1100000,0x00000000e1100000,0x00000000e6200000)
  from space 14336K, 99% used [0x00000000e6200000,0x00000000e6ff80a0,0x00000000e7000000)
  to   space 22016K, 0% used [0x00000000e9780000,0x00000000e9780000,0x00000000ead00000)
 ParOldGen       total 42496K, used 28174K [0x00000000a3200000, 0x00000000a5b80000, 0x00000000e1100000)
  object space 42496K, 66% used [0x00000000a3200000,0x00000000a4d83870,0x00000000a5b80000)
 Metaspace       used 28460K, capacity 30304K, committed 30464K, reserved 1075200K
  class space    used 3668K, capacity 4060K, committed 4096K, reserved 1048576K
}
Event: 114.483 GC heap before
{Heap before GC invocations=11 (full 1):
 PSYoungGen      total 97280K, used 97248K [0x00000000e1100000, 0x00000000ead00000, 0x0000000100000000)
  eden space 82944K, 100% used [0x00000000e1100000,0x00000000e6200000,0x00000000e6200000)
  from space 14336K, 99% used [0x00000000e6200000,0x00000000e6ff80a0,0x00000000e7000000)
  to   space 22016K, 0% used [0x00000000e9780000,0x00000000e9780000,0x00000000ead00000)
 ParOldGen       total 42496K, used 28174K [0x00000000a3200000, 0x00000000a5b80000, 0x00000000e1100000)
  object space 42496K, 66% used [0x00000000a3200000,0x00000000a4d83870,0x00000000a5b80000)
 Metaspace       used 33468K, capacity 35352K, committed 35496K, reserved 1081344K
  class space    used 4191K, capacity 4560K, committed 4608K, reserved 1048576K
Event: 114.517 GC heap after
Heap after GC invocations=11 (full 1):
 PSYoungGen      total 134656K, used 19368K [0x00000000e1100000, 0x00000000eaf00000, 0x0000000100000000)
  eden space 112640K, 0% used [0x00000000e1100000,0x00000000e1100000,0x00000000e7f00000)
  from space 22016K, 87% used [0x00000000e9780000,0x00000000eaa6a198,0x00000000ead00000)
  to   space 24576K, 0% used [0x00000000e7f00000,0x00000000e7f00000,0x00000000e9700000)
 ParOldGen       total 42496K, used 33686K [0x00000000a3200000, 0x00000000a5b80000, 0x00000000e1100000)
  object space 42496K, 79% used [0x00000000a3200000,0x00000000a52e5970,0x00000000a5b80000)
 Metaspace       used 33468K, capacity 35352K, committed 35496K, reserved 1081344K
  class space    used 4191K, capacity 4560K, committed 4608K, reserved 1048576K
}
Event: 114.517 GC heap before
{Heap before GC invocations=12 (full 2):
 PSYoungGen      total 134656K, used 19368K [0x00000000e1100000, 0x00000000eaf00000, 0x0000000100000000)
  eden space 112640K, 0% used [0x00000000e1100000,0x00000000e1100000,0x00000000e7f00000)
  from space 22016K, 87% used [0x00000000e9780000,0x00000000eaa6a198,0x00000000ead00000)
  to   space 24576K, 0% used [0x00000000e7f00000,0x00000000e7f00000,0x00000000e9700000)
 ParOldGen       total 42496K, used 33686K [0x00000000a3200000, 0x00000000a5b80000, 0x00000000e1100000)
  object space 42496K, 79% used [0x00000000a3200000,0x00000000a52e5970,0x00000000a5b80000)
 Metaspace       used 33468K, capacity 35352K, committed 35496K, reserved 1081344K
  class space    used 4191K, capacity 4560K, committed 4608K, reserved 1048576K

