# JRE version: Java(TM) SE Runtime Environment (8.0_202-b08) (build 1.8.0_202-b08)
# Java VM: Java HotSpot(TM) 64-Bit Server VM (25.202-b08 mixed mode windows-amd64 compressed oops)
Heap:
 PSYoungGen      total 112640K, used 22524K [0x00000000e1100000, 0x00000000eaf00000, 0x0000000100000000)
  eden space 88064K, 25% used [0x00000000e1100000,0x00000000e26ff390,0x00000000e6700000)
  from space 24576K, 0% used [0x00000000e6700000,0x00000000e6700000,0x00000000e7f00000)
  to   space 26112K, 0% used [0x00000000e9580000,0x00000000e9580000,0x00000000eaf00000)
 ParOldGen       total 52736K, used 42779K [0x00000000a3200000, 0x00000000a6580000, 0x00000000e1100000)
  object space 52736K, 81% used [0x00000000a3200000,0x00000000a5bc6c78,0x00000000a6580000)
 Metaspace       used 35004K, capacity 36946K, committed 37288K, reserved 1081344K
  class space    used 4393K, capacity 4795K, committed 4864K, reserved 1048576K
GC Heap History (10 events):
Event: 10.775 GC heap before
{Heap before GC invocations=7 (full 1):
 PSYoungGen      total 52736K, used 49152K [0x00000000e1100000, 0x00000000e8300000, 0x0000000100000000)
  eden space 49152K, 100% used [0x00000000e1100000,0x00000000e4100000,0x00000000e4100000)
  from space 3584K, 0% used [0x00000000e4100000,0x00000000e4100000,0x00000000e4480000)
  to   space 9216K, 0% used [0x00000000e7a00000,0x00000000e7a00000,0x00000000e8300000)
 ParOldGen       total 52736K, used 10019K [0x00000000a3200000, 0x00000000a6580000, 0x00000000e1100000)
  object space 52736K, 18% used [0x00000000a3200000,0x00000000a3bc8f48,0x00000000a6580000)
 Metaspace       used 25289K, capacity 26920K, committed 27136K, reserved 1073152K
  class space    used 3440K, capacity 3792K, committed 3840K, reserved 1048576K
Event: 10.786 GC heap after
Heap after GC invocations=7 (full 1):
 PSYoungGen      total 79360K, used 9212K [0x00000000e1100000, 0x00000000e8300000, 0x0000000100000000)
  eden space 70144K, 0% used [0x00000000e1100000,0x00000000e1100000,0x00000000e5580000)
  from space 9216K, 99% used [0x00000000e7a00000,0x00000000e82ff2f8,0x00000000e8300000)
  to   space 10752K, 0% used [0x00000000e6e00000,0x00000000e6e00000,0x00000000e7880000)
 ParOldGen       total 52736K, used 10208K [0x00000000a3200000, 0x00000000a6580000, 0x00000000e1100000)
  object space 52736K, 19% used [0x00000000a3200000,0x00000000a3bf80d8,0x00000000a6580000)
 Metaspace       used 25289K, capacity 26920K, committed 27136K, reserved 1073152K
  class space    used 3440K, capacity 3792K, committed 3840K, reserved 1048576K
}
Event: 85.215 GC heap before
{Heap before GC invocations=8 (full 1):
 PSYoungGen      total 79360K, used 79356K [0x00000000e1100000, 0x00000000e8300000, 0x0000000100000000)
  eden space 70144K, 100% used [0x00000000e1100000,0x00000000e5580000,0x00000000e5580000)
  from space 9216K, 99% used [0x00000000e7a00000,0x00000000e82ff2f8,0x00000000e8300000)
  to   space 10752K, 0% used [0x00000000e6e00000,0x00000000e6e00000,0x00000000e7880000)
 ParOldGen       total 52736K, used 10208K [0x00000000a3200000, 0x00000000a6580000, 0x00000000e1100000)
  object space 52736K, 19% used [0x00000000a3200000,0x00000000a3bf80d8,0x00000000a6580000)
 Metaspace       used 27917K, capacity 29742K, committed 29952K, reserved 1075200K
  class space    used 3667K, capacity 4059K, committed 4096K, reserved 1048576K
Event: 85.235 GC heap after
Heap after GC invocations=8 (full 1):
 PSYoungGen      total 105984K, used 10720K [0x00000000e1100000, 0x00000000e9000000, 0x0000000100000000)
  eden space 95232K, 0% used [0x00000000e1100000,0x00000000e1100000,0x00000000e6e00000)
  from space 10752K, 99% used [0x00000000e6e00000,0x00000000e7878070,0x00000000e7880000)
  to   space 17408K, 0% used [0x00000000e7f00000,0x00000000e7f00000,0x00000000e9000000)
 ParOldGen       total 52736K, used 20392K [0x00000000a3200000, 0x00000000a6580000, 0x00000000e1100000)
  object space 52736K, 38% used [0x00000000a3200000,0x00000000a45ea078,0x00000000a6580000)
 Metaspace       used 27917K, capacity 29742K, committed 29952K, reserved 1075200K
  class space    used 3667K, capacity 4059K, committed 4096K, reserved 1048576K
}
Event: 180.859 GC heap before
{Heap before GC invocations=9 (full 1):
 PSYoungGen      total 105984K, used 105952K [0x00000000e1100000, 0x00000000e9000000, 0x0000000100000000)
  eden space 95232K, 100% used [0x00000000e1100000,0x00000000e6e00000,0x00000000e6e00000)
  from space 10752K, 99% used [0x00000000e6e00000,0x00000000e7878070,0x00000000e7880000)
  to   space 17408K, 0% used [0x00000000e7f00000,0x00000000e7f00000,0x00000000e9000000)
 ParOldGen       total 52736K, used 20392K [0x00000000a3200000, 0x00000000a6580000, 0x00000000e1100000)
  object space 52736K, 38% used [0x00000000a3200000,0x00000000a45ea078,0x00000000a6580000)
 Metaspace       used 30454K, capacity 32356K, committed 32512K, reserved 1077248K
  class space    used 3855K, capacity 4244K, committed 4352K, reserved 1048576K
Event: 180.875 GC heap after
Heap after GC invocations=9 (full 1):
 PSYoungGen      total 105472K, used 17402K [0x00000000e1100000, 0x00000000eb980000, 0x0000000100000000)
  eden space 88064K, 0% used [0x00000000e1100000,0x00000000e1100000,0x00000000e6700000)
  from space 17408K, 99% used [0x00000000e7f00000,0x00000000e8ffeb68,0x00000000e9000000)
  to   space 24576K, 0% used [0x00000000e6700000,0x00000000e6700000,0x00000000e7f00000)
 ParOldGen       total 52736K, used 29418K [0x00000000a3200000, 0x00000000a6580000, 0x00000000e1100000)
  object space 52736K, 55% used [0x00000000a3200000,0x00000000a4ebabf8,0x00000000a6580000)
 Metaspace       used 30454K, capacity 32356K, committed 32512K, reserved 1077248K
  class space    used 3855K, capacity 4244K, committed 4352K, reserved 1048576K
}
Event: 181.548 GC heap before
{Heap before GC invocations=10 (full 1):
 PSYoungGen      total 105472K, used 59785K [0x00000000e1100000, 0x00000000eb980000, 0x0000000100000000)
  eden space 88064K, 48% used [0x00000000e1100000,0x00000000e3a63a00,0x00000000e6700000)
  from space 17408K, 99% used [0x00000000e7f00000,0x00000000e8ffeb68,0x00000000e9000000)
  to   space 24576K, 0% used [0x00000000e6700000,0x00000000e6700000,0x00000000e7f00000)
 ParOldGen       total 52736K, used 29418K [0x00000000a3200000, 0x00000000a6580000, 0x00000000e1100000)
  object space 52736K, 55% used [0x00000000a3200000,0x00000000a4ebabf8,0x00000000a6580000)
 Metaspace       used 33441K, capacity 35314K, committed 35496K, reserved 1081344K
  class space    used 4192K, capacity 4571K, committed 4608K, reserved 1048576K
Event: 181.564 GC heap after
Heap after GC invocations=10 (full 1):
 PSYoungGen      total 112640K, used 18128K [0x00000000e1100000, 0x00000000eaf00000, 0x0000000100000000)
  eden space 88064K, 0% used [0x00000000e1100000,0x00000000e1100000,0x00000000e6700000)
  from space 24576K, 73% used [0x00000000e6700000,0x00000000e78b4290,0x00000000e7f00000)
  to   space 26112K, 0% used [0x00000000e9580000,0x00000000e9580000,0x00000000eaf00000)
 ParOldGen       total 52736K, used 30571K [0x00000000a3200000, 0x00000000a6580000, 0x00000000e1100000)
  object space 52736K, 57% used [0x00000000a3200000,0x00000000a4fdac60,0x00000000a6580000)
 Metaspace       used 33441K, capacity 35314K, committed 35496K, reserved 1081344K
  class space    used 4192K, capacity 4571K, committed 4608K, reserved 1048576K
}
Event: 181.564 GC heap before
{Heap before GC invocations=11 (full 2):
 PSYoungGen      total 112640K, used 18128K [0x00000000e1100000, 0x00000000eaf00000, 0x0000000100000000)
  eden space 88064K, 0% used [0x00000000e1100000,0x00000000e1100000,0x00000000e6700000)
  from space 24576K, 73% used [0x00000000e6700000,0x00000000e78b4290,0x00000000e7f00000)
  to   space 26112K, 0% used [0x00000000e9580000,0x00000000e9580000,0x00000000eaf00000)
 ParOldGen       total 52736K, used 30571K [0x00000000a3200000, 0x00000000a6580000, 0x00000000e1100000)
  object space 52736K, 57% used [0x00000000a3200000,0x00000000a4fdac60,0x00000000a6580000)
 Metaspace       used 33441K, capacity 35314K, committed 35496K, reserved 1081344K
  class space    used 4192K, capacity 4571K, committed 4608K, reserved 1048576K
Event: 181.698 GC heap after
Heap after GC invocations=11 (full 2):
 PSYoungGen      total 112640K, used 0K [0x00000000e1100000, 0x00000000eaf00000, 0x0000000100000000)
  eden space 88064K, 0% used [0x00000000e1100000,0x00000000e1100000,0x00000000e6700000)
  from space 24576K, 0% used [0x00000000e6700000,0x00000000e6700000,0x00000000e7f00000)
  to   space 26112K, 0% used [0x00000000e9580000,0x00000000e9580000,0x00000000eaf00000)
 ParOldGen       total 52736K, used 42779K [0x00000000a3200000, 0x00000000a6580000, 0x00000000e1100000)
  object space 52736K, 81% used [0x00000000a3200000,0x00000000a5bc6c78,0x00000000a6580000)
 Metaspace       used 33441K, capacity 35314K, committed 35496K, reserved 1081344K
  class space    used 4192K, capacity 4571K, committed 4608K, reserved 1048576K
}

