# JRE version: Java(TM) SE Runtime Environment (8.0_202-b08) (build 1.8.0_202-b08)
# Java VM: Java HotSpot(TM) 64-Bit Server VM (25.202-b08 mixed mode windows-amd64 compressed oops)
Heap:
 PSYoungGen      total 132096K, used 118084K [0x00000000e1100000, 0x00000000ea980000, 0x0000000100000000)
  eden space 111104K, 100% used [0x00000000e1100000,0x00000000e7d80000,0x00000000e7d80000)
  from space 20992K, 33% used [0x00000000e9500000,0x00000000e9bd1340,0x00000000ea980000)
  to   space 22528K, 0% used [0x00000000e7d80000,0x00000000e7d80000,0x00000000e9380000)
 ParOldGen       total 89088K, used 39417K [0x00000000a3200000, 0x00000000a8900000, 0x00000000e1100000)
  object space 89088K, 44% used [0x00000000a3200000,0x00000000a587e4a8,0x00000000a8900000)
 Metaspace       used 34990K, capacity 36916K, committed 37120K, reserved 1081344K
  class space    used 4353K, capacity 4748K, committed 4864K, reserved 1048576K
GC Heap History (10 events):
Event: 9.093 GC heap before
{Heap before GC invocations=8 (full 1):
 PSYoungGen      total 57344K, used 49152K [0x00000000e1100000, 0x00000000e5200000, 0x0000000100000000)
  eden space 49152K, 100% used [0x00000000e1100000,0x00000000e4100000,0x00000000e4100000)
  from space 8192K, 0% used [0x00000000e4a00000,0x00000000e4a00000,0x00000000e5200000)
  to   space 8704K, 0% used [0x00000000e4100000,0x00000000e4100000,0x00000000e4980000)
 ParOldGen       total 42496K, used 7842K [0x00000000a3200000, 0x00000000a5b80000, 0x00000000e1100000)
  object space 42496K, 18% used [0x00000000a3200000,0x00000000a39a8938,0x00000000a5b80000)
 Metaspace       used 25251K, capacity 26918K, committed 27136K, reserved 1073152K
  class space    used 3435K, capacity 3789K, committed 3840K, reserved 1048576K
Event: 9.104 GC heap after
Heap after GC invocations=8 (full 1):
 PSYoungGen      total 57856K, used 8697K [0x00000000e1100000, 0x00000000e7980000, 0x0000000100000000)
  eden space 49152K, 0% used [0x00000000e1100000,0x00000000e1100000,0x00000000e4100000)
  from space 8704K, 99% used [0x00000000e4100000,0x00000000e497e6f0,0x00000000e4980000)
  to   space 10240K, 0% used [0x00000000e6f80000,0x00000000e6f80000,0x00000000e7980000)
 ParOldGen       total 42496K, used 8358K [0x00000000a3200000, 0x00000000a5b80000, 0x00000000e1100000)
  object space 42496K, 19% used [0x00000000a3200000,0x00000000a3a29ac0,0x00000000a5b80000)
 Metaspace       used 25251K, capacity 26918K, committed 27136K, reserved 1073152K
  class space    used 3435K, capacity 3789K, committed 3840K, reserved 1048576K
}
Event: 29.554 GC heap before
{Heap before GC invocations=9 (full 1):
 PSYoungGen      total 57856K, used 57849K [0x00000000e1100000, 0x00000000e7980000, 0x0000000100000000)
  eden space 49152K, 100% used [0x00000000e1100000,0x00000000e4100000,0x00000000e4100000)
  from space 8704K, 99% used [0x00000000e4100000,0x00000000e497e6f0,0x00000000e4980000)
  to   space 10240K, 0% used [0x00000000e6f80000,0x00000000e6f80000,0x00000000e7980000)
 ParOldGen       total 42496K, used 8358K [0x00000000a3200000, 0x00000000a5b80000, 0x00000000e1100000)
  object space 42496K, 19% used [0x00000000a3200000,0x00000000a3a29ac0,0x00000000a5b80000)
 Metaspace       used 27425K, capacity 29186K, committed 29440K, reserved 1075200K
  class space    used 3660K, capacity 4055K, committed 4096K, reserved 1048576K
Event: 29.572 GC heap after
Heap after GC invocations=9 (full 1):
 PSYoungGen      total 92672K, used 10208K [0x00000000e1100000, 0x00000000e7f00000, 0x0000000100000000)
  eden space 82432K, 0% used [0x00000000e1100000,0x00000000e1100000,0x00000000e6180000)
  from space 10240K, 99% used [0x00000000e6f80000,0x00000000e7978070,0x00000000e7980000)
  to   space 14336K, 0% used [0x00000000e6180000,0x00000000e6180000,0x00000000e6f80000)
 ParOldGen       total 42496K, used 14665K [0x00000000a3200000, 0x00000000a5b80000, 0x00000000e1100000)
  object space 42496K, 34% used [0x00000000a3200000,0x00000000a4052688,0x00000000a5b80000)
 Metaspace       used 27425K, capacity 29186K, committed 29440K, reserved 1075200K
  class space    used 3660K, capacity 4055K, committed 4096K, reserved 1048576K
}
Event: 119.703 GC heap before
{Heap before GC invocations=10 (full 1):
 PSYoungGen      total 92672K, used 92640K [0x00000000e1100000, 0x00000000e7f00000, 0x0000000100000000)
  eden space 82432K, 100% used [0x00000000e1100000,0x00000000e6180000,0x00000000e6180000)
  from space 10240K, 99% used [0x00000000e6f80000,0x00000000e7978070,0x00000000e7980000)
  to   space 14336K, 0% used [0x00000000e6180000,0x00000000e6180000,0x00000000e6f80000)
 ParOldGen       total 42496K, used 14665K [0x00000000a3200000, 0x00000000a5b80000, 0x00000000e1100000)
  object space 42496K, 34% used [0x00000000a3200000,0x00000000a4052688,0x00000000a5b80000)
 Metaspace       used 28825K, capacity 30684K, committed 30848K, reserved 1075200K
  class space    used 3734K, capacity 4124K, committed 4224K, reserved 1048576K
Event: 119.719 GC heap after
Heap after GC invocations=10 (full 1):
 PSYoungGen      total 96768K, used 14304K [0x00000000e1100000, 0x00000000ea980000, 0x0000000100000000)
  eden space 82432K, 0% used [0x00000000e1100000,0x00000000e1100000,0x00000000e6180000)
  from space 14336K, 99% used [0x00000000e6180000,0x00000000e6f78090,0x00000000e6f80000)
  to   space 20992K, 0% used [0x00000000e9500000,0x00000000e9500000,0x00000000ea980000)
 ParOldGen       total 42496K, used 24746K [0x00000000a3200000, 0x00000000a5b80000, 0x00000000e1100000)
  object space 42496K, 58% used [0x00000000a3200000,0x00000000a4a2a9a0,0x00000000a5b80000)
 Metaspace       used 28825K, capacity 30684K, committed 30848K, reserved 1075200K
  class space    used 3734K, capacity 4124K, committed 4224K, reserved 1048576K
}
Event: 574.179 GC heap before
{Heap before GC invocations=11 (full 1):
 PSYoungGen      total 96768K, used 96736K [0x00000000e1100000, 0x00000000ea980000, 0x0000000100000000)
  eden space 82432K, 100% used [0x00000000e1100000,0x00000000e6180000,0x00000000e6180000)
  from space 14336K, 99% used [0x00000000e6180000,0x00000000e6f78090,0x00000000e6f80000)
  to   space 20992K, 0% used [0x00000000e9500000,0x00000000e9500000,0x00000000ea980000)
 ParOldGen       total 42496K, used 24746K [0x00000000a3200000, 0x00000000a5b80000, 0x00000000e1100000)
  object space 42496K, 58% used [0x00000000a3200000,0x00000000a4a2a9a0,0x00000000a5b80000)
 Metaspace       used 30223K, capacity 32090K, committed 32256K, reserved 1077248K
  class space    used 3866K, capacity 4249K, committed 4352K, reserved 1048576K
Event: 574.202 GC heap after
Heap after GC invocations=11 (full 1):
 PSYoungGen      total 132096K, used 16372K [0x00000000e1100000, 0x00000000ea980000, 0x0000000100000000)
  eden space 111104K, 0% used [0x00000000e1100000,0x00000000e1100000,0x00000000e7d80000)
  from space 20992K, 77% used [0x00000000e9500000,0x00000000ea4fd3f0,0x00000000ea980000)
  to   space 22528K, 0% used [0x00000000e7d80000,0x00000000e7d80000,0x00000000e9380000)
 ParOldGen       total 42496K, used 34326K [0x00000000a3200000, 0x00000000a5b80000, 0x00000000e1100000)
  object space 42496K, 80% used [0x00000000a3200000,0x00000000a5385a50,0x00000000a5b80000)
 Metaspace       used 30223K, capacity 32090K, committed 32256K, reserved 1077248K
  class space    used 3866K, capacity 4249K, committed 4352K, reserved 1048576K
}
Event: 574.202 GC heap before
{Heap before GC invocations=12 (full 2):
 PSYoungGen      total 132096K, used 16372K [0x00000000e1100000, 0x00000000ea980000, 0x0000000100000000)
  eden space 111104K, 0% used [0x00000000e1100000,0x00000000e1100000,0x00000000e7d80000)
  from space 20992K, 77% used [0x00000000e9500000,0x00000000ea4fd3f0,0x00000000ea980000)
  to   space 22528K, 0% used [0x00000000e7d80000,0x00000000e7d80000,0x00000000e9380000)
 ParOldGen       total 42496K, used 34326K [0x00000000a3200000, 0x00000000a5b80000, 0x00000000e1100000)
  object space 42496K, 80% used [0x00000000a3200000,0x00000000a5385a50,0x00000000a5b80000)
 Metaspace       used 30223K, capacity 32090K, committed 32256K, reserved 1077248K
  class space    used 3866K, capacity 4249K, committed 4352K, reserved 1048576K
Event: 574.395 GC heap after
Heap after GC invocations=12 (full 2):
 PSYoungGen      total 132096K, used 6980K [0x00000000e1100000, 0x00000000ea980000, 0x0000000100000000)
  eden space 111104K, 0% used [0x00000000e1100000,0x00000000e1100000,0x00000000e7d80000)
  from space 20992K, 33% used [0x00000000e9500000,0x00000000e9bd1340,0x00000000ea980000)
  to   space 22528K, 0% used [0x00000000e7d80000,0x00000000e7d80000,0x00000000e9380000)
 ParOldGen       total 89088K, used 39417K [0x00000000a3200000, 0x00000000a8900000, 0x00000000e1100000)
  object space 89088K, 44% used [0x00000000a3200000,0x00000000a587e4a8,0x00000000a8900000)
 Metaspace       used 30223K, capacity 32090K, committed 32256K, reserved 1077248K
  class space    used 3866K, capacity 4249K, committed 4352K, reserved 1048576K
}

